
AVRASM ver. 2.1.30  C:\Code\Ex9\Debug\List\Ex9.asm Sat Dec 21 22:16:46 2024

C:\Code\Ex9\Debug\List\Ex9.asm(1090): warning: Register r5 already defined by the .DEF directive
C:\Code\Ex9\Debug\List\Ex9.asm(1091): warning: Register r4 already defined by the .DEF directive
C:\Code\Ex9\Debug\List\Ex9.asm(1092): warning: Register r7 already defined by the .DEF directive
                 
                 
                 ;CodeVisionAVR C Compiler V3.12 Advanced
                 ;(C) Copyright 1998-2014 Pavel Haiduc, HP InfoTech s.r.l.
                 ;http://www.hpinfotech.com
                 
                 ;Build configuration    : Debug
                 ;Chip type              : ATmega128
                 ;Program type           : Application
                 ;Clock frequency        : 8.000000 MHz
                 ;Memory model           : Small
                 ;Optimize for           : Size
                 ;(s)printf features     : int, width
                 ;(s)scanf features      : int, width
                 ;External RAM size      : 0
                 ;Data Stack size        : 1024 byte(s)
                 ;Heap size              : 0 byte(s)
                 ;Promote 'char' to 'int': Yes
                 ;'char' is unsigned     : Yes
                 ;8 bit enums            : Yes
                 ;Global 'const' stored in FLASH: No
                 ;Enhanced function parameter passing: Yes
                 ;Enhanced core instructions: On
                 ;Automatic register allocation for global variables: On
                 ;Smart register allocation: On
                 
                 	#define _MODEL_SMALL_
                 
                 	#pragma AVRPART ADMIN PART_NAME ATmega128
                 	#pragma AVRPART MEMORY PROG_FLASH 131072
                 	#pragma AVRPART MEMORY EEPROM 4096
                 	#pragma AVRPART MEMORY INT_SRAM SIZE 4096
                 	#pragma AVRPART MEMORY INT_SRAM START_ADDR 0x100
                 
                 	#define CALL_SUPPORTED 1
                 
                 	.LISTMAC
                 	.EQU UDRE=0x5
                 	.EQU RXC=0x7
                 	.EQU USR=0xB
                 	.EQU UDR=0xC
                 	.EQU SPSR=0xE
                 	.EQU SPDR=0xF
                 	.EQU EERE=0x0
                 	.EQU EEWE=0x1
                 	.EQU EEMWE=0x2
                 	.EQU EECR=0x1C
                 	.EQU EEDR=0x1D
                 	.EQU EEARL=0x1E
                 	.EQU EEARH=0x1F
                 	.EQU WDTCR=0x21
                 	.EQU MCUCR=0x35
                 	.EQU RAMPZ=0x3B
                 	.EQU SPL=0x3D
                 	.EQU SPH=0x3E
                 	.EQU SREG=0x3F
                 	.EQU XMCRA=0x6D
                 	.EQU XMCRB=0x6C
                 
                 	.DEF R0X0=R0
                 	.DEF R0X1=R1
                 	.DEF R0X2=R2
                 	.DEF R0X3=R3
                 	.DEF R0X4=R4
                 	.DEF R0X5=R5
                 	.DEF R0X6=R6
                 	.DEF R0X7=R7
                 	.DEF R0X8=R8
                 	.DEF R0X9=R9
                 	.DEF R0XA=R10
                 	.DEF R0XB=R11
                 	.DEF R0XC=R12
                 	.DEF R0XD=R13
                 	.DEF R0XE=R14
                 	.DEF R0XF=R15
                 	.DEF R0X10=R16
                 	.DEF R0X11=R17
                 	.DEF R0X12=R18
                 	.DEF R0X13=R19
                 	.DEF R0X14=R20
                 	.DEF R0X15=R21
                 	.DEF R0X16=R22
                 	.DEF R0X17=R23
                 	.DEF R0X18=R24
                 	.DEF R0X19=R25
                 	.DEF R0X1A=R26
                 	.DEF R0X1B=R27
                 	.DEF R0X1C=R28
                 	.DEF R0X1D=R29
                 	.DEF R0X1E=R30
                 	.DEF R0X1F=R31
                 
                 	.EQU __SRAM_START=0x0100
                 	.EQU __SRAM_END=0x10FF
                 	.EQU __DSTACK_SIZE=0x0400
                 	.EQU __HEAP_SIZE=0x0000
                 	.EQU __CLEAR_SRAM_SIZE=__SRAM_END-__SRAM_START+1
                 
                 	.MACRO __CPD1N
                 	CPI  R30,LOW(@0)
                 	LDI  R26,HIGH(@0)
                 	CPC  R31,R26
                 	LDI  R26,BYTE3(@0)
                 	CPC  R22,R26
                 	LDI  R26,BYTE4(@0)
                 	CPC  R23,R26
                 	.ENDM
                 
                 	.MACRO __CPD2N
                 	CPI  R26,LOW(@0)
                 	LDI  R30,HIGH(@0)
                 	CPC  R27,R30
                 	LDI  R30,BYTE3(@0)
                 	CPC  R24,R30
                 	LDI  R30,BYTE4(@0)
                 	CPC  R25,R30
                 	.ENDM
                 
                 	.MACRO __CPWRR
                 	CP   R@0,R@2
                 	CPC  R@1,R@3
                 	.ENDM
                 
                 	.MACRO __CPWRN
                 	CPI  R@0,LOW(@2)
                 	LDI  R30,HIGH(@2)
                 	CPC  R@1,R30
                 	.ENDM
                 
                 	.MACRO __ADDB1MN
                 	SUBI R30,LOW(-@0-(@1))
                 	.ENDM
                 
                 	.MACRO __ADDB2MN
                 	SUBI R26,LOW(-@0-(@1))
                 	.ENDM
                 
                 	.MACRO __ADDW1MN
                 	SUBI R30,LOW(-@0-(@1))
                 	SBCI R31,HIGH(-@0-(@1))
                 	.ENDM
                 
                 	.MACRO __ADDW2MN
                 	SUBI R26,LOW(-@0-(@1))
                 	SBCI R27,HIGH(-@0-(@1))
                 	.ENDM
                 
                 	.MACRO __ADDW1FN
                 	SUBI R30,LOW(-2*@0-(@1))
                 	SBCI R31,HIGH(-2*@0-(@1))
                 	.ENDM
                 
                 	.MACRO __ADDD1FN
                 	SUBI R30,LOW(-2*@0-(@1))
                 	SBCI R31,HIGH(-2*@0-(@1))
                 	SBCI R22,BYTE3(-2*@0-(@1))
                 	.ENDM
                 
                 	.MACRO __ADDD1N
                 	SUBI R30,LOW(-@0)
                 	SBCI R31,HIGH(-@0)
                 	SBCI R22,BYTE3(-@0)
                 	SBCI R23,BYTE4(-@0)
                 	.ENDM
                 
                 	.MACRO __ADDD2N
                 	SUBI R26,LOW(-@0)
                 	SBCI R27,HIGH(-@0)
                 	SBCI R24,BYTE3(-@0)
                 	SBCI R25,BYTE4(-@0)
                 	.ENDM
                 
                 	.MACRO __SUBD1N
                 	SUBI R30,LOW(@0)
                 	SBCI R31,HIGH(@0)
                 	SBCI R22,BYTE3(@0)
                 	SBCI R23,BYTE4(@0)
                 	.ENDM
                 
                 	.MACRO __SUBD2N
                 	SUBI R26,LOW(@0)
                 	SBCI R27,HIGH(@0)
                 	SBCI R24,BYTE3(@0)
                 	SBCI R25,BYTE4(@0)
                 	.ENDM
                 
                 	.MACRO __ANDBMNN
                 	LDS  R30,@0+(@1)
                 	ANDI R30,LOW(@2)
                 	STS  @0+(@1),R30
                 	.ENDM
                 
                 	.MACRO __ANDWMNN
                 	LDS  R30,@0+(@1)
                 	ANDI R30,LOW(@2)
                 	STS  @0+(@1),R30
                 	LDS  R30,@0+(@1)+1
                 	ANDI R30,HIGH(@2)
                 	STS  @0+(@1)+1,R30
                 	.ENDM
                 
                 	.MACRO __ANDD1N
                 	ANDI R30,LOW(@0)
                 	ANDI R31,HIGH(@0)
                 	ANDI R22,BYTE3(@0)
                 	ANDI R23,BYTE4(@0)
                 	.ENDM
                 
                 	.MACRO __ANDD2N
                 	ANDI R26,LOW(@0)
                 	ANDI R27,HIGH(@0)
                 	ANDI R24,BYTE3(@0)
                 	ANDI R25,BYTE4(@0)
                 	.ENDM
                 
                 	.MACRO __ORBMNN
                 	LDS  R30,@0+(@1)
                 	ORI  R30,LOW(@2)
                 	STS  @0+(@1),R30
                 	.ENDM
                 
                 	.MACRO __ORWMNN
                 	LDS  R30,@0+(@1)
                 	ORI  R30,LOW(@2)
                 	STS  @0+(@1),R30
                 	LDS  R30,@0+(@1)+1
                 	ORI  R30,HIGH(@2)
                 	STS  @0+(@1)+1,R30
                 	.ENDM
                 
                 	.MACRO __ORD1N
                 	ORI  R30,LOW(@0)
                 	ORI  R31,HIGH(@0)
                 	ORI  R22,BYTE3(@0)
                 	ORI  R23,BYTE4(@0)
                 	.ENDM
                 
                 	.MACRO __ORD2N
                 	ORI  R26,LOW(@0)
                 	ORI  R27,HIGH(@0)
                 	ORI  R24,BYTE3(@0)
                 	ORI  R25,BYTE4(@0)
                 	.ENDM
                 
                 	.MACRO __DELAY_USB
                 	LDI  R24,LOW(@0)
                 __DELAY_USB_LOOP:
                 	DEC  R24
                 	BRNE __DELAY_USB_LOOP
                 	.ENDM
                 
                 	.MACRO __DELAY_USW
                 	LDI  R24,LOW(@0)
                 	LDI  R25,HIGH(@0)
                 __DELAY_USW_LOOP:
                 	SBIW R24,1
                 	BRNE __DELAY_USW_LOOP
                 	.ENDM
                 
                 	.MACRO __GETD1S
                 	LDD  R30,Y+@0
                 	LDD  R31,Y+@0+1
                 	LDD  R22,Y+@0+2
                 	LDD  R23,Y+@0+3
                 	.ENDM
                 
                 	.MACRO __GETD2S
                 	LDD  R26,Y+@0
                 	LDD  R27,Y+@0+1
                 	LDD  R24,Y+@0+2
                 	LDD  R25,Y+@0+3
                 	.ENDM
                 
                 	.MACRO __PUTD1S
                 	STD  Y+@0,R30
                 	STD  Y+@0+1,R31
                 	STD  Y+@0+2,R22
                 	STD  Y+@0+3,R23
                 	.ENDM
                 
                 	.MACRO __PUTD2S
                 	STD  Y+@0,R26
                 	STD  Y+@0+1,R27
                 	STD  Y+@0+2,R24
                 	STD  Y+@0+3,R25
                 	.ENDM
                 
                 	.MACRO __PUTDZ2
                 	STD  Z+@0,R26
                 	STD  Z+@0+1,R27
                 	STD  Z+@0+2,R24
                 	STD  Z+@0+3,R25
                 	.ENDM
                 
                 	.MACRO __CLRD1S
                 	STD  Y+@0,R30
                 	STD  Y+@0+1,R30
                 	STD  Y+@0+2,R30
                 	STD  Y+@0+3,R30
                 	.ENDM
                 
                 	.MACRO __POINTB1MN
                 	LDI  R30,LOW(@0+(@1))
                 	.ENDM
                 
                 	.MACRO __POINTW1MN
                 	LDI  R30,LOW(@0+(@1))
                 	LDI  R31,HIGH(@0+(@1))
                 	.ENDM
                 
                 	.MACRO __POINTD1M
                 	LDI  R30,LOW(@0)
                 	LDI  R31,HIGH(@0)
                 	LDI  R22,BYTE3(@0)
                 	LDI  R23,BYTE4(@0)
                 	.ENDM
                 
                 	.MACRO __POINTW1FN
                 	LDI  R30,LOW(2*@0+(@1))
                 	LDI  R31,HIGH(2*@0+(@1))
                 	.ENDM
                 
                 	.MACRO __POINTD1FN
                 	LDI  R30,LOW(2*@0+(@1))
                 	LDI  R31,HIGH(2*@0+(@1))
                 	LDI  R22,BYTE3(2*@0+(@1))
                 	LDI  R23,BYTE4(2*@0+(@1))
                 	.ENDM
                 
                 	.MACRO __POINTB2MN
                 	LDI  R26,LOW(@0+(@1))
                 	.ENDM
                 
                 	.MACRO __POINTW2MN
                 	LDI  R26,LOW(@0+(@1))
                 	LDI  R27,HIGH(@0+(@1))
                 	.ENDM
                 
                 	.MACRO __POINTW2FN
                 	LDI  R26,LOW(2*@0+(@1))
                 	LDI  R27,HIGH(2*@0+(@1))
                 	.ENDM
                 
                 	.MACRO __POINTD2FN
                 	LDI  R26,LOW(2*@0+(@1))
                 	LDI  R27,HIGH(2*@0+(@1))
                 	LDI  R24,BYTE3(2*@0+(@1))
                 	LDI  R25,BYTE4(2*@0+(@1))
                 	.ENDM
                 
                 	.MACRO __POINTBRM
                 	LDI  R@0,LOW(@1)
                 	.ENDM
                 
                 	.MACRO __POINTWRM
                 	LDI  R@0,LOW(@2)
                 	LDI  R@1,HIGH(@2)
                 	.ENDM
                 
                 	.MACRO __POINTBRMN
                 	LDI  R@0,LOW(@1+(@2))
                 	.ENDM
                 
                 	.MACRO __POINTWRMN
                 	LDI  R@0,LOW(@2+(@3))
                 	LDI  R@1,HIGH(@2+(@3))
                 	.ENDM
                 
                 	.MACRO __POINTWRFN
                 	LDI  R@0,LOW(@2*2+(@3))
                 	LDI  R@1,HIGH(@2*2+(@3))
                 	.ENDM
                 
                 	.MACRO __GETD1N
                 	LDI  R30,LOW(@0)
                 	LDI  R31,HIGH(@0)
                 	LDI  R22,BYTE3(@0)
                 	LDI  R23,BYTE4(@0)
                 	.ENDM
                 
                 	.MACRO __GETD2N
                 	LDI  R26,LOW(@0)
                 	LDI  R27,HIGH(@0)
                 	LDI  R24,BYTE3(@0)
                 	LDI  R25,BYTE4(@0)
                 	.ENDM
                 
                 	.MACRO __GETB1MN
                 	LDS  R30,@0+(@1)
                 	.ENDM
                 
                 	.MACRO __GETB1HMN
                 	LDS  R31,@0+(@1)
                 	.ENDM
                 
                 	.MACRO __GETW1MN
                 	LDS  R30,@0+(@1)
                 	LDS  R31,@0+(@1)+1
                 	.ENDM
                 
                 	.MACRO __GETD1MN
                 	LDS  R30,@0+(@1)
                 	LDS  R31,@0+(@1)+1
                 	LDS  R22,@0+(@1)+2
                 	LDS  R23,@0+(@1)+3
                 	.ENDM
                 
                 	.MACRO __GETBRMN
                 	LDS  R@0,@1+(@2)
                 	.ENDM
                 
                 	.MACRO __GETWRMN
                 	LDS  R@0,@2+(@3)
                 	LDS  R@1,@2+(@3)+1
                 	.ENDM
                 
                 	.MACRO __GETWRZ
                 	LDD  R@0,Z+@2
                 	LDD  R@1,Z+@2+1
                 	.ENDM
                 
                 	.MACRO __GETD2Z
                 	LDD  R26,Z+@0
                 	LDD  R27,Z+@0+1
                 	LDD  R24,Z+@0+2
                 	LDD  R25,Z+@0+3
                 	.ENDM
                 
                 	.MACRO __GETB2MN
                 	LDS  R26,@0+(@1)
                 	.ENDM
                 
                 	.MACRO __GETW2MN
                 	LDS  R26,@0+(@1)
                 	LDS  R27,@0+(@1)+1
                 	.ENDM
                 
                 	.MACRO __GETD2MN
                 	LDS  R26,@0+(@1)
                 	LDS  R27,@0+(@1)+1
                 	LDS  R24,@0+(@1)+2
                 	LDS  R25,@0+(@1)+3
                 	.ENDM
                 
                 	.MACRO __PUTB1MN
                 	STS  @0+(@1),R30
                 	.ENDM
                 
                 	.MACRO __PUTW1MN
                 	STS  @0+(@1),R30
                 	STS  @0+(@1)+1,R31
                 	.ENDM
                 
                 	.MACRO __PUTD1MN
                 	STS  @0+(@1),R30
                 	STS  @0+(@1)+1,R31
                 	STS  @0+(@1)+2,R22
                 	STS  @0+(@1)+3,R23
                 	.ENDM
                 
                 	.MACRO __PUTB1EN
                 	LDI  R26,LOW(@0+(@1))
                 	LDI  R27,HIGH(@0+(@1))
                 	CALL __EEPROMWRB
                 	.ENDM
                 
                 	.MACRO __PUTW1EN
                 	LDI  R26,LOW(@0+(@1))
                 	LDI  R27,HIGH(@0+(@1))
                 	CALL __EEPROMWRW
                 	.ENDM
                 
                 	.MACRO __PUTD1EN
                 	LDI  R26,LOW(@0+(@1))
                 	LDI  R27,HIGH(@0+(@1))
                 	CALL __EEPROMWRD
                 	.ENDM
                 
                 	.MACRO __PUTBR0MN
                 	STS  @0+(@1),R0
                 	.ENDM
                 
                 	.MACRO __PUTBMRN
                 	STS  @0+(@1),R@2
                 	.ENDM
                 
                 	.MACRO __PUTWMRN
                 	STS  @0+(@1),R@2
                 	STS  @0+(@1)+1,R@3
                 	.ENDM
                 
                 	.MACRO __PUTBZR
                 	STD  Z+@1,R@0
                 	.ENDM
                 
                 	.MACRO __PUTWZR
                 	STD  Z+@2,R@0
                 	STD  Z+@2+1,R@1
                 	.ENDM
                 
                 	.MACRO __GETW1R
                 	MOV  R30,R@0
                 	MOV  R31,R@1
                 	.ENDM
                 
                 	.MACRO __GETW2R
                 	MOV  R26,R@0
                 	MOV  R27,R@1
                 	.ENDM
                 
                 	.MACRO __GETWRN
                 	LDI  R@0,LOW(@2)
                 	LDI  R@1,HIGH(@2)
                 	.ENDM
                 
                 	.MACRO __PUTW1R
                 	MOV  R@0,R30
                 	MOV  R@1,R31
                 	.ENDM
                 
                 	.MACRO __PUTW2R
                 	MOV  R@0,R26
                 	MOV  R@1,R27
                 	.ENDM
                 
                 	.MACRO __ADDWRN
                 	SUBI R@0,LOW(-@2)
                 	SBCI R@1,HIGH(-@2)
                 	.ENDM
                 
                 	.MACRO __ADDWRR
                 	ADD  R@0,R@2
                 	ADC  R@1,R@3
                 	.ENDM
                 
                 	.MACRO __SUBWRN
                 	SUBI R@0,LOW(@2)
                 	SBCI R@1,HIGH(@2)
                 	.ENDM
                 
                 	.MACRO __SUBWRR
                 	SUB  R@0,R@2
                 	SBC  R@1,R@3
                 	.ENDM
                 
                 	.MACRO __ANDWRN
                 	ANDI R@0,LOW(@2)
                 	ANDI R@1,HIGH(@2)
                 	.ENDM
                 
                 	.MACRO __ANDWRR
                 	AND  R@0,R@2
                 	AND  R@1,R@3
                 	.ENDM
                 
                 	.MACRO __ORWRN
                 	ORI  R@0,LOW(@2)
                 	ORI  R@1,HIGH(@2)
                 	.ENDM
                 
                 	.MACRO __ORWRR
                 	OR   R@0,R@2
                 	OR   R@1,R@3
                 	.ENDM
                 
                 	.MACRO __EORWRR
                 	EOR  R@0,R@2
                 	EOR  R@1,R@3
                 	.ENDM
                 
                 	.MACRO __GETWRS
                 	LDD  R@0,Y+@2
                 	LDD  R@1,Y+@2+1
                 	.ENDM
                 
                 	.MACRO __PUTBSR
                 	STD  Y+@1,R@0
                 	.ENDM
                 
                 	.MACRO __PUTWSR
                 	STD  Y+@2,R@0
                 	STD  Y+@2+1,R@1
                 	.ENDM
                 
                 	.MACRO __MOVEWRR
                 	MOV  R@0,R@2
                 	MOV  R@1,R@3
                 	.ENDM
                 
                 	.MACRO __INWR
                 	IN   R@0,@2
                 	IN   R@1,@2+1
                 	.ENDM
                 
                 	.MACRO __OUTWR
                 	OUT  @2+1,R@1
                 	OUT  @2,R@0
                 	.ENDM
                 
                 	.MACRO __CALL1MN
                 	LDS  R30,@0+(@1)
                 	LDS  R31,@0+(@1)+1
                 	ICALL
                 	.ENDM
                 
                 	.MACRO __CALL1FN
                 	LDI  R30,LOW(2*@0+(@1))
                 	LDI  R31,HIGH(2*@0+(@1))
                 	CALL __GETW1PF
                 	ICALL
                 	.ENDM
                 
                 	.MACRO __CALL2EN
                 	PUSH R26
                 	PUSH R27
                 	LDI  R26,LOW(@0+(@1))
                 	LDI  R27,HIGH(@0+(@1))
                 	CALL __EEPROMRDW
                 	POP  R27
                 	POP  R26
                 	ICALL
                 	.ENDM
                 
                 	.MACRO __CALL2EX
                 	SUBI R26,LOW(-@0)
                 	SBCI R27,HIGH(-@0)
                 	CALL __EEPROMRDD
                 	ICALL
                 	.ENDM
                 
                 	.MACRO __GETW1STACK
                 	IN   R30,SPL
                 	IN   R31,SPH
                 	ADIW R30,@0+1
                 	LD   R0,Z+
                 	LD   R31,Z
                 	MOV  R30,R0
                 	.ENDM
                 
                 	.MACRO __GETD1STACK
                 	IN   R30,SPL
                 	IN   R31,SPH
                 	ADIW R30,@0+1
                 	LD   R0,Z+
                 	LD   R1,Z+
                 	LD   R22,Z
                 	MOVW R30,R0
                 	.ENDM
                 
                 	.MACRO __NBST
                 	BST  R@0,@1
                 	IN   R30,SREG
                 	LDI  R31,0x40
                 	EOR  R30,R31
                 	OUT  SREG,R30
                 	.ENDM
                 
                 
                 	.MACRO __PUTB1SN
                 	LDD  R26,Y+@0
                 	LDD  R27,Y+@0+1
                 	SUBI R26,LOW(-@1)
                 	SBCI R27,HIGH(-@1)
                 	ST   X,R30
                 	.ENDM
                 
                 	.MACRO __PUTW1SN
                 	LDD  R26,Y+@0
                 	LDD  R27,Y+@0+1
                 	SUBI R26,LOW(-@1)
                 	SBCI R27,HIGH(-@1)
                 	ST   X+,R30
                 	ST   X,R31
                 	.ENDM
                 
                 	.MACRO __PUTD1SN
                 	LDD  R26,Y+@0
                 	LDD  R27,Y+@0+1
                 	SUBI R26,LOW(-@1)
                 	SBCI R27,HIGH(-@1)
                 	CALL __PUTDP1
                 	.ENDM
                 
                 	.MACRO __PUTB1SNS
                 	LDD  R26,Y+@0
                 	LDD  R27,Y+@0+1
                 	ADIW R26,@1
                 	ST   X,R30
                 	.ENDM
                 
                 	.MACRO __PUTW1SNS
                 	LDD  R26,Y+@0
                 	LDD  R27,Y+@0+1
                 	ADIW R26,@1
                 	ST   X+,R30
                 	ST   X,R31
                 	.ENDM
                 
                 	.MACRO __PUTD1SNS
                 	LDD  R26,Y+@0
                 	LDD  R27,Y+@0+1
                 	ADIW R26,@1
                 	CALL __PUTDP1
                 	.ENDM
                 
                 	.MACRO __PUTB1PMN
                 	LDS  R26,@0
                 	LDS  R27,@0+1
                 	SUBI R26,LOW(-@1)
                 	SBCI R27,HIGH(-@1)
                 	ST   X,R30
                 	.ENDM
                 
                 	.MACRO __PUTW1PMN
                 	LDS  R26,@0
                 	LDS  R27,@0+1
                 	SUBI R26,LOW(-@1)
                 	SBCI R27,HIGH(-@1)
                 	ST   X+,R30
                 	ST   X,R31
                 	.ENDM
                 
                 	.MACRO __PUTD1PMN
                 	LDS  R26,@0
                 	LDS  R27,@0+1
                 	SUBI R26,LOW(-@1)
                 	SBCI R27,HIGH(-@1)
                 	CALL __PUTDP1
                 	.ENDM
                 
                 	.MACRO __PUTB1PMNS
                 	LDS  R26,@0
                 	LDS  R27,@0+1
                 	ADIW R26,@1
                 	ST   X,R30
                 	.ENDM
                 
                 	.MACRO __PUTW1PMNS
                 	LDS  R26,@0
                 	LDS  R27,@0+1
                 	ADIW R26,@1
                 	ST   X+,R30
                 	ST   X,R31
                 	.ENDM
                 
                 	.MACRO __PUTD1PMNS
                 	LDS  R26,@0
                 	LDS  R27,@0+1
                 	ADIW R26,@1
                 	CALL __PUTDP1
                 	.ENDM
                 
                 	.MACRO __PUTB1RN
                 	MOVW R26,R@0
                 	SUBI R26,LOW(-@1)
                 	SBCI R27,HIGH(-@1)
                 	ST   X,R30
                 	.ENDM
                 
                 	.MACRO __PUTW1RN
                 	MOVW R26,R@0
                 	SUBI R26,LOW(-@1)
                 	SBCI R27,HIGH(-@1)
                 	ST   X+,R30
                 	ST   X,R31
                 	.ENDM
                 
                 	.MACRO __PUTD1RN
                 	MOVW R26,R@0
                 	SUBI R26,LOW(-@1)
                 	SBCI R27,HIGH(-@1)
                 	CALL __PUTDP1
                 	.ENDM
                 
                 	.MACRO __PUTB1RNS
                 	MOVW R26,R@0
                 	ADIW R26,@1
                 	ST   X,R30
                 	.ENDM
                 
                 	.MACRO __PUTW1RNS
                 	MOVW R26,R@0
                 	ADIW R26,@1
                 	ST   X+,R30
                 	ST   X,R31
                 	.ENDM
                 
                 	.MACRO __PUTD1RNS
                 	MOVW R26,R@0
                 	ADIW R26,@1
                 	CALL __PUTDP1
                 	.ENDM
                 
                 	.MACRO __PUTB1RON
                 	MOV  R26,R@0
                 	MOV  R27,R@1
                 	SUBI R26,LOW(-@2)
                 	SBCI R27,HIGH(-@2)
                 	ST   X,R30
                 	.ENDM
                 
                 	.MACRO __PUTW1RON
                 	MOV  R26,R@0
                 	MOV  R27,R@1
                 	SUBI R26,LOW(-@2)
                 	SBCI R27,HIGH(-@2)
                 	ST   X+,R30
                 	ST   X,R31
                 	.ENDM
                 
                 	.MACRO __PUTD1RON
                 	MOV  R26,R@0
                 	MOV  R27,R@1
                 	SUBI R26,LOW(-@2)
                 	SBCI R27,HIGH(-@2)
                 	CALL __PUTDP1
                 	.ENDM
                 
                 	.MACRO __PUTB1RONS
                 	MOV  R26,R@0
                 	MOV  R27,R@1
                 	ADIW R26,@2
                 	ST   X,R30
                 	.ENDM
                 
                 	.MACRO __PUTW1RONS
                 	MOV  R26,R@0
                 	MOV  R27,R@1
                 	ADIW R26,@2
                 	ST   X+,R30
                 	ST   X,R31
                 	.ENDM
                 
                 	.MACRO __PUTD1RONS
                 	MOV  R26,R@0
                 	MOV  R27,R@1
                 	ADIW R26,@2
                 	CALL __PUTDP1
                 	.ENDM
                 
                 
                 	.MACRO __GETB1SX
                 	MOVW R30,R28
                 	SUBI R30,LOW(-@0)
                 	SBCI R31,HIGH(-@0)
                 	LD   R30,Z
                 	.ENDM
                 
                 	.MACRO __GETB1HSX
                 	MOVW R30,R28
                 	SUBI R30,LOW(-@0)
                 	SBCI R31,HIGH(-@0)
                 	LD   R31,Z
                 	.ENDM
                 
                 	.MACRO __GETW1SX
                 	MOVW R30,R28
                 	SUBI R30,LOW(-@0)
                 	SBCI R31,HIGH(-@0)
                 	LD   R0,Z+
                 	LD   R31,Z
                 	MOV  R30,R0
                 	.ENDM
                 
                 	.MACRO __GETD1SX
                 	MOVW R30,R28
                 	SUBI R30,LOW(-@0)
                 	SBCI R31,HIGH(-@0)
                 	LD   R0,Z+
                 	LD   R1,Z+
                 	LD   R22,Z+
                 	LD   R23,Z
                 	MOVW R30,R0
                 	.ENDM
                 
                 	.MACRO __GETB2SX
                 	MOVW R26,R28
                 	SUBI R26,LOW(-@0)
                 	SBCI R27,HIGH(-@0)
                 	LD   R26,X
                 	.ENDM
                 
                 	.MACRO __GETW2SX
                 	MOVW R26,R28
                 	SUBI R26,LOW(-@0)
                 	SBCI R27,HIGH(-@0)
                 	LD   R0,X+
                 	LD   R27,X
                 	MOV  R26,R0
                 	.ENDM
                 
                 	.MACRO __GETD2SX
                 	MOVW R26,R28
                 	SUBI R26,LOW(-@0)
                 	SBCI R27,HIGH(-@0)
                 	LD   R0,X+
                 	LD   R1,X+
                 	LD   R24,X+
                 	LD   R25,X
                 	MOVW R26,R0
                 	.ENDM
                 
                 	.MACRO __GETBRSX
                 	MOVW R30,R28
                 	SUBI R30,LOW(-@1)
                 	SBCI R31,HIGH(-@1)
                 	LD   R@0,Z
                 	.ENDM
                 
                 	.MACRO __GETWRSX
                 	MOVW R30,R28
                 	SUBI R30,LOW(-@2)
                 	SBCI R31,HIGH(-@2)
                 	LD   R@0,Z+
                 	LD   R@1,Z
                 	.ENDM
                 
                 	.MACRO __GETBRSX2
                 	MOVW R26,R28
                 	SUBI R26,LOW(-@1)
                 	SBCI R27,HIGH(-@1)
                 	LD   R@0,X
                 	.ENDM
                 
                 	.MACRO __GETWRSX2
                 	MOVW R26,R28
                 	SUBI R26,LOW(-@2)
                 	SBCI R27,HIGH(-@2)
                 	LD   R@0,X+
                 	LD   R@1,X
                 	.ENDM
                 
                 	.MACRO __LSLW8SX
                 	MOVW R30,R28
                 	SUBI R30,LOW(-@0)
                 	SBCI R31,HIGH(-@0)
                 	LD   R31,Z
                 	CLR  R30
                 	.ENDM
                 
                 	.MACRO __PUTB1SX
                 	MOVW R26,R28
                 	SUBI R26,LOW(-@0)
                 	SBCI R27,HIGH(-@0)
                 	ST   X,R30
                 	.ENDM
                 
                 	.MACRO __PUTW1SX
                 	MOVW R26,R28
                 	SUBI R26,LOW(-@0)
                 	SBCI R27,HIGH(-@0)
                 	ST   X+,R30
                 	ST   X,R31
                 	.ENDM
                 
                 	.MACRO __PUTD1SX
                 	MOVW R26,R28
                 	SUBI R26,LOW(-@0)
                 	SBCI R27,HIGH(-@0)
                 	ST   X+,R30
                 	ST   X+,R31
                 	ST   X+,R22
                 	ST   X,R23
                 	.ENDM
                 
                 	.MACRO __CLRW1SX
                 	MOVW R26,R28
                 	SUBI R26,LOW(-@0)
                 	SBCI R27,HIGH(-@0)
                 	ST   X+,R30
                 	ST   X,R30
                 	.ENDM
                 
                 	.MACRO __CLRD1SX
                 	MOVW R26,R28
                 	SUBI R26,LOW(-@0)
                 	SBCI R27,HIGH(-@0)
                 	ST   X+,R30
                 	ST   X+,R30
                 	ST   X+,R30
                 	ST   X,R30
                 	.ENDM
                 
                 	.MACRO __PUTB2SX
                 	MOVW R30,R28
                 	SUBI R30,LOW(-@0)
                 	SBCI R31,HIGH(-@0)
                 	ST   Z,R26
                 	.ENDM
                 
                 	.MACRO __PUTW2SX
                 	MOVW R30,R28
                 	SUBI R30,LOW(-@0)
                 	SBCI R31,HIGH(-@0)
                 	ST   Z+,R26
                 	ST   Z,R27
                 	.ENDM
                 
                 	.MACRO __PUTD2SX
                 	MOVW R30,R28
                 	SUBI R30,LOW(-@0)
                 	SBCI R31,HIGH(-@0)
                 	ST   Z+,R26
                 	ST   Z+,R27
                 	ST   Z+,R24
                 	ST   Z,R25
                 	.ENDM
                 
                 	.MACRO __PUTBSRX
                 	MOVW R30,R28
                 	SUBI R30,LOW(-@1)
                 	SBCI R31,HIGH(-@1)
                 	ST   Z,R@0
                 	.ENDM
                 
                 	.MACRO __PUTWSRX
                 	MOVW R30,R28
                 	SUBI R30,LOW(-@2)
                 	SBCI R31,HIGH(-@2)
                 	ST   Z+,R@0
                 	ST   Z,R@1
                 	.ENDM
                 
                 	.MACRO __PUTB1SNX
                 	MOVW R26,R28
                 	SUBI R26,LOW(-@0)
                 	SBCI R27,HIGH(-@0)
                 	LD   R0,X+
                 	LD   R27,X
                 	MOV  R26,R0
                 	SUBI R26,LOW(-@1)
                 	SBCI R27,HIGH(-@1)
                 	ST   X,R30
                 	.ENDM
                 
                 	.MACRO __PUTW1SNX
                 	MOVW R26,R28
                 	SUBI R26,LOW(-@0)
                 	SBCI R27,HIGH(-@0)
                 	LD   R0,X+
                 	LD   R27,X
                 	MOV  R26,R0
                 	SUBI R26,LOW(-@1)
                 	SBCI R27,HIGH(-@1)
                 	ST   X+,R30
                 	ST   X,R31
                 	.ENDM
                 
                 	.MACRO __PUTD1SNX
                 	MOVW R26,R28
                 	SUBI R26,LOW(-@0)
                 	SBCI R27,HIGH(-@0)
                 	LD   R0,X+
                 	LD   R27,X
                 	MOV  R26,R0
                 	SUBI R26,LOW(-@1)
                 	SBCI R27,HIGH(-@1)
                 	ST   X+,R30
                 	ST   X+,R31
                 	ST   X+,R22
                 	ST   X,R23
                 	.ENDM
                 
                 	.MACRO __MULBRR
                 	MULS R@0,R@1
                 	MOVW R30,R0
                 	.ENDM
                 
                 	.MACRO __MULBRRU
                 	MUL  R@0,R@1
                 	MOVW R30,R0
                 	.ENDM
                 
                 	.MACRO __MULBRR0
                 	MULS R@0,R@1
                 	.ENDM
                 
                 	.MACRO __MULBRRU0
                 	MUL  R@0,R@1
                 	.ENDM
                 
                 	.MACRO __MULBNWRU
                 	LDI  R26,@2
                 	MUL  R26,R@0
                 	MOVW R30,R0
                 	MUL  R26,R@1
                 	ADD  R31,R0
                 	.ENDM
                 
                 ;NAME DEFINITIONS FOR GLOBAL VARIABLES ALLOCATED TO REGISTERS
                 	.DEF __lcd_x=R5
                 	.DEF __lcd_y=R4
                 	.DEF __lcd_maxx=R7
                 
                 	.CSEG
                 	.ORG 0x00
                 
                 ;START OF CODE MARKER
                 __START_OF_CODE:
                 
                 ;INTERRUPT VECTORS
000000 940c 008c 	JMP  __RESET
000002 940c 0000 	JMP  0x00
000004 940c 0000 	JMP  0x00
000006 940c 0000 	JMP  0x00
000008 940c 0000 	JMP  0x00
00000a 940c 0000 	JMP  0x00
00000c 940c 0000 	JMP  0x00
00000e 940c 0000 	JMP  0x00
000010 940c 0000 	JMP  0x00
000012 940c 0000 	JMP  0x00
000014 940c 0000 	JMP  0x00
000016 940c 0000 	JMP  0x00
000018 940c 0000 	JMP  0x00
00001a 940c 0000 	JMP  0x00
00001c 940c 0000 	JMP  0x00
00001e 940c 0000 	JMP  0x00
000020 940c 00bc 	JMP  _timer0_ovf_isr
000022 940c 0000 	JMP  0x00
000024 940c 0000 	JMP  0x00
000026 940c 0000 	JMP  0x00
000028 940c 0000 	JMP  0x00
00002a 940c 0000 	JMP  0x00
00002c 940c 0000 	JMP  0x00
00002e 940c 0000 	JMP  0x00
000030 940c 0000 	JMP  0x00
000032 940c 0000 	JMP  0x00
000034 940c 0000 	JMP  0x00
000036 940c 0000 	JMP  0x00
000038 940c 0000 	JMP  0x00
00003a 940c 0000 	JMP  0x00
00003c 940c 0000 	JMP  0x00
00003e 940c 0000 	JMP  0x00
000040 940c 0000 	JMP  0x00
000042 940c 0000 	JMP  0x00
000044 940c 0000 	JMP  0x00
                 
                 _tbl10_G102:
000046 2710
000047 03e8
000048 0064
000049 000a      	.DB  0x10,0x27,0xE8,0x3,0x64,0x0,0xA,0x0
00004a 0001      	.DB  0x1,0x0
                 _tbl16_G102:
00004b 1000
00004c 0100
00004d 0010
00004e 0001      	.DB  0x0,0x10,0x0,0x1,0x10,0x0,0x1,0x0
                 
                 _0x3:
C:\Code\Ex9\Debug\List\Ex9.asm(1144): warning: .cseg .db misalignment - padding zero byte
00004f 000a      	.DB  0xA
                 _0x4:
C:\Code\Ex9\Debug\List\Ex9.asm(1146): warning: .cseg .db misalignment - padding zero byte
000050 0001      	.DB  0x1
                 _0x0:
000051 6144
000052 676e
000053 6320
000054 6f68      	.DB  0x44,0x61,0x6E,0x67,0x20,0x63,0x68,0x6F
000055 6320
000056 2061
000057 6e61
000058 2e2e      	.DB  0x20,0x63,0x61,0x20,0x61,0x6E,0x2E,0x2E
000059 002e
00005a 6154
00005b 206d
00005c 7564      	.DB  0x2E,0x0,0x54,0x61,0x6D,0x20,0x64,0x75
00005d 676e
00005e 4400
00005f 6e61
000060 2067      	.DB  0x6E,0x67,0x0,0x44,0x61,0x6E,0x67,0x20
000061 6f68
000062 7461
000063 6420
000064 6e6f      	.DB  0x68,0x6F,0x61,0x74,0x20,0x64,0x6F,0x6E
000065 0067      	.DB  0x67,0x0
                 _0x2000003:
000066 c080      	.DB  0x80,0xC0
                 _0x2020060:
C:\Code\Ex9\Debug\List\Ex9.asm(1157): warning: .cseg .db misalignment - padding zero byte
000067 0001      	.DB  0x1
                 _0x2020000:
000068 4e2d
000069 4e41
00006a 4900
00006b 464e      	.DB  0x2D,0x4E,0x41,0x4E,0x0,0x49,0x4E,0x46
C:\Code\Ex9\Debug\List\Ex9.asm(1160): warning: .cseg .db misalignment - padding zero byte
00006c 0000      	.DB  0x0
                 
                 __GLOBAL_INI_TBL:
00006d 0001      	.DW  0x01
00006e 0553      	.DW  _RC
00006f 009e      	.DW  _0x3*2
                 
000070 0001      	.DW  0x01
000071 0555      	.DW  _state
000072 00a0      	.DW  _0x4*2
                 
000073 0012      	.DW  0x12
000074 0500      	.DW  _0xC
000075 00a2      	.DW  _0x0*2
                 
000076 0009      	.DW  0x09
000077 0512      	.DW  _0xC+18
000078 00b4      	.DW  _0x0*2+18
                 
000079 000f      	.DW  0x0F
00007a 051b      	.DW  _0xC+27
00007b 00bd      	.DW  _0x0*2+27
                 
00007c 000f      	.DW  0x0F
00007d 052a      	.DW  _0x23
00007e 00bd      	.DW  _0x0*2+27
                 
00007f 0009      	.DW  0x09
000080 0539      	.DW  _0x23+15
000081 00b4      	.DW  _0x0*2+18
                 
000082 000f      	.DW  0x0F
000083 0542      	.DW  _0x23+24
000084 00bd      	.DW  _0x0*2+27
                 
000085 0002      	.DW  0x02
000086 0557      	.DW  __base_y_G100
000087 00cc      	.DW  _0x2000003*2
                 
000088 0001      	.DW  0x01
000089 055b      	.DW  __seed_G101
00008a 00ce      	.DW  _0x2020060*2
                 
                 _0xFFFFFFFF:
00008b 0000      	.DW  0
                 
                 #define __GLOBAL_INI_TBL_PRESENT 1
                 
                 __RESET:
00008c 94f8      	CLI
00008d 27ee      	CLR  R30
00008e bbec      	OUT  EECR,R30
                 
                 ;INTERRUPT VECTORS ARE PLACED
                 ;AT THE START OF FLASH
00008f e0f1      	LDI  R31,1
000090 bff5      	OUT  MCUCR,R31
000091 bfe5      	OUT  MCUCR,R30
000092 93e0 006c 	STS  XMCRB,R30
                 
                 ;CLEAR R2-R14
000094 e08d      	LDI  R24,(14-2)+1
000095 e0a2      	LDI  R26,2
000096 27bb      	CLR  R27
                 __CLEAR_REG:
000097 93ed      	ST   X+,R30
000098 958a      	DEC  R24
000099 f7e9      	BRNE __CLEAR_REG
                 
                 ;CLEAR SRAM
00009a e080      	LDI  R24,LOW(__CLEAR_SRAM_SIZE)
00009b e190      	LDI  R25,HIGH(__CLEAR_SRAM_SIZE)
00009c e0a0      	LDI  R26,LOW(__SRAM_START)
00009d e0b1      	LDI  R27,HIGH(__SRAM_START)
                 __CLEAR_SRAM:
00009e 93ed      	ST   X+,R30
00009f 9701      	SBIW R24,1
0000a0 f7e9      	BRNE __CLEAR_SRAM
                 
                 ;GLOBAL VARIABLES INITIALIZATION
0000a1 edea      	LDI  R30,LOW(__GLOBAL_INI_TBL*2)
0000a2 e0f0      	LDI  R31,HIGH(__GLOBAL_INI_TBL*2)
                 __GLOBAL_INI_NEXT:
0000a3 9185      	LPM  R24,Z+
0000a4 9195      	LPM  R25,Z+
0000a5 9700      	SBIW R24,0
0000a6 f061      	BREQ __GLOBAL_INI_END
0000a7 91a5      	LPM  R26,Z+
0000a8 91b5      	LPM  R27,Z+
0000a9 9005      	LPM  R0,Z+
0000aa 9015      	LPM  R1,Z+
0000ab 01bf      	MOVW R22,R30
0000ac 01f0      	MOVW R30,R0
                 __GLOBAL_INI_LOOP:
0000ad 9005      	LPM  R0,Z+
0000ae 920d      	ST   X+,R0
0000af 9701      	SBIW R24,1
0000b0 f7e1      	BRNE __GLOBAL_INI_LOOP
0000b1 01fb      	MOVW R30,R22
0000b2 cff0      	RJMP __GLOBAL_INI_NEXT
                 __GLOBAL_INI_END:
                 
0000b3 bf8b      	OUT  RAMPZ,R24
                 
                 ;HARDWARE STACK POINTER INITIALIZATION
0000b4 efef      	LDI  R30,LOW(__SRAM_END-__HEAP_SIZE)
0000b5 bfed      	OUT  SPL,R30
0000b6 e1e0      	LDI  R30,HIGH(__SRAM_END-__HEAP_SIZE)
0000b7 bfee      	OUT  SPH,R30
                 
                 ;DATA STACK POINTER INITIALIZATION
0000b8 e0c0      	LDI  R28,LOW(__SRAM_START+__DSTACK_SIZE)
0000b9 e0d5      	LDI  R29,HIGH(__SRAM_START+__DSTACK_SIZE)
                 
0000ba 940c 0136 	JMP  _main
                 
                 	.ESEG
                 	.ORG 0
                 
                 	.DSEG
                 	.ORG 0x500
                 
                 	.CSEG
                 ;/*
                 ; * Ex9.c
                 ; *
                 ; * Created: 12/21/2024 10:14:46 PM
                 ; * Author: ADMIN
                 ; */
                 ;
                 ;#include <io.h>
                 	#ifndef __SLEEP_DEFINED__
                 	#define __SLEEP_DEFINED__
                 	.EQU __se_bit=0x20
                 	.EQU __sm_mask=0x1C
                 	.EQU __sm_powerdown=0x10
                 	.EQU __sm_powersave=0x18
                 	.EQU __sm_standby=0x14
                 	.EQU __sm_ext_standby=0x1C
                 	.EQU __sm_adc_noise_red=0x08
                 	.SET power_ctrl_reg=mcucr
                 	#endif
                 ;#include <delay.h>
                 ;#include <alcd.h>
                 ;#include <stdlib.h>
                 ;#include <stdio.h>
                 ;
                 ;#define BT1 PINB.2     // Tam dung
                 ;#define BT2 PINB.3     // Cho ca an
                 ;
                 ;#define DIR PINB4
                 ;#define PWM PINB5
                 ;#define SERVO PORTC.7
                 ;
                 ;volatile int dem = 0; // Bien dem cho servo
                 ;volatile int RC = 10; // Vi tri servo (mac dinh)
                 
                 	.DSEG
                 ;volatile int state = 1; // 0: Tam dung, 1: Dang hoat dong, 2: Dang cho ca an
                 ;
                 ;interrupt [TIM0_OVF] void timer0_ovf_isr(void) {
                 ; 0000 0019 interrupt [17] void timer0_ovf_isr(void) {
                 
                 	.CSEG
                 _timer0_ovf_isr:
                 ; .FSTART _timer0_ovf_isr
0000bc 93aa      	ST   -Y,R26
0000bd 93ba      	ST   -Y,R27
0000be 93ea      	ST   -Y,R30
0000bf 93fa      	ST   -Y,R31
0000c0 b7ef      	IN   R30,SREG
0000c1 93ea      	ST   -Y,R30
                 ; 0000 001A     TCNT0 = 0x9C; // Chu ky 0.1ms
0000c2 e9ec      	LDI  R30,LOW(156)
0000c3 bfe2      	OUT  0x32,R30
                 ; 0000 001B     dem++;
0000c4 e5a1      	LDI  R26,LOW(_dem)
0000c5 e0b5      	LDI  R27,HIGH(_dem)
0000c6 91ed      	LD   R30,X+
0000c7 91fd      	LD   R31,X+
0000c8 9631      	ADIW R30,1
0000c9 93fe      	ST   -X,R31
0000ca 93ee      	ST   -X,R30
                 ; 0000 001C     if (dem > 200) dem = 0; // Reset sau 20ms
0000cb 91a0 0551 	LDS  R26,_dem
0000cd 91b0 0552 	LDS  R27,_dem+1
0000cf 3ca9      	CPI  R26,LOW(0xC9)
0000d0 e0e0      	LDI  R30,HIGH(0xC9)
0000d1 07be      	CPC  R27,R30
0000d2 f02c      	BRLT _0x5
0000d3 e0e0      	LDI  R30,LOW(0)
0000d4 93e0 0551 	STS  _dem,R30
0000d6 93e0 0552 	STS  _dem+1,R30
                 ; 0000 001D     if (dem < RC) {
                 _0x5:
0000d8 91e0 0553 	LDS  R30,_RC
0000da 91f0 0554 	LDS  R31,_RC+1
0000dc 91a0 0551 	LDS  R26,_dem
0000de 91b0 0552 	LDS  R27,_dem+1
0000e0 17ae      	CP   R26,R30
0000e1 07bf      	CPC  R27,R31
0000e2 f414      	BRGE _0x6
                 ; 0000 001E         SERVO = 1;
0000e3 9aaf      	SBI  0x15,7
                 ; 0000 001F     } else {
0000e4 c001      	RJMP _0x9
                 _0x6:
                 ; 0000 0020         SERVO = 0;
0000e5 98af      	CBI  0x15,7
                 ; 0000 0021     }
                 _0x9:
                 ; 0000 0022 }
0000e6 91e9      	LD   R30,Y+
0000e7 bfef      	OUT  SREG,R30
0000e8 91f9      	LD   R31,Y+
0000e9 91e9      	LD   R30,Y+
0000ea 91b9      	LD   R27,Y+
0000eb 91a9      	LD   R26,Y+
0000ec 9518      	RETI
                 ; .FEND
                 ;
                 ;void init_timer0() {
                 ; 0000 0024 void init_timer0() {
                 _init_timer0:
                 ; .FSTART _init_timer0
                 ; 0000 0025     ASSR=0<<AS0;
0000ed e0e0      	LDI  R30,LOW(0)
0000ee bfe0      	OUT  0x30,R30
                 ; 0000 0026     TCCR0=(0<<WGM00) | (0<<COM01) | (0<<COM00) | (0<<WGM01) | (0<<CS02) | (1<<CS01) | (0<<CS00);
0000ef e0e2      	LDI  R30,LOW(2)
0000f0 bfe3      	OUT  0x33,R30
                 ; 0000 0027     TCNT0=0x9C;   // chu ki 0.1 ms
0000f1 e9ec      	LDI  R30,LOW(156)
0000f2 bfe2      	OUT  0x32,R30
                 ; 0000 0028     OCR0=0x00;
0000f3 e0e0      	LDI  R30,LOW(0)
0000f4 bfe1      	OUT  0x31,R30
                 ; 0000 0029 
                 ; 0000 002A     TIMSK=(0<<OCIE2) | (0<<TOIE2) | (0<<TICIE1) | (0<<OCIE1A) | (0<<OCIE1B) | (0<<TOIE1) | (0<<OCIE0) | (1<<TOIE0);
0000f5 e0e1      	LDI  R30,LOW(1)
0000f6 bfe7      	OUT  0x37,R30
                 ; 0000 002B     ETIMSK=(0<<TICIE3) | (0<<OCIE3A) | (0<<OCIE3B) | (0<<TOIE3) | (0<<OCIE3C) | (0<<OCIE1C);
0000f7 e0e0      	LDI  R30,LOW(0)
0000f8 93e0 007d 	STS  125,R30
                 ; 0000 002C     #asm("sei")
0000fa 9478      	sei
                 ; 0000 002D }
0000fb 9508      	RET
                 ; .FEND
                 ;
                 ;void display_mode(const char* mode) {
                 ; 0000 002F void display_mode(const char* mode) {
                 _display_mode:
                 ; .FSTART _display_mode
                 ; 0000 0030     lcd_clear();
0000fc 93ba      	ST   -Y,R27
0000fd 93aa      	ST   -Y,R26
                 ;	*mode -> Y+0
0000fe d0cf      	RCALL _lcd_clear
                 ; 0000 0031     lcd_puts(mode);
0000ff 81a8      	LD   R26,Y
000100 81b9      	LDD  R27,Y+1
000101 d0ed      	RCALL _lcd_puts
                 ; 0000 0032 }
000102 c0c9      	RJMP _0x20C0002
                 ; .FEND
                 ;
                 ;void feed_fish_cycle() {
                 ; 0000 0034 void feed_fish_cycle() {
                 _feed_fish_cycle:
                 ; .FSTART _feed_fish_cycle
                 ; 0000 0035     int i;
                 ; 0000 0036     display_mode("Dang cho ca an...");
000103 931a      	ST   -Y,R17
000104 930a      	ST   -Y,R16
                 ;	i -> R16,R17
                +
000105 e0a0     +LDI R26 , LOW ( _0xC + ( 0 ) )
000106 e0b5     +LDI R27 , HIGH ( _0xC + ( 0 ) )
                 	__POINTW2MN _0xC,0
000107 940e 022f 	CALL SUBOPT_0x0
                 ; 0000 0037 
                 ; 0000 0038     OCR1A = 128; // Toc do 50%
                 ; 0000 0039     PORTB.4 = 0; //
000109 98c4      	CBI  0x18,4
                 ; 0000 003A 
                 ; 0000 003B     for (i = 0; i < 5; i++) {
                +
00010a e000     +LDI R16 , LOW ( 0 )
00010b e010     +LDI R17 , HIGH ( 0 )
                 	__GETWRN 16,17,0
                 _0x10:
                +
00010c 3005     +CPI R16 , LOW ( 5 )
00010d e0e0     +LDI R30 , HIGH ( 5 )
00010e 071e     +CPC R17 , R30
                 	__CPWRN 16,17,5
00010f f4ec      	BRGE _0x11
                 ; 0000 003C         if (BT1 == 0) { // Kiem tra nut BT1 de tam dung
000110 99b2      	SBIC 0x16,2
000111 c010      	RJMP _0x12
                 ; 0000 003D             delay_ms(50); // Debounce
000112 940e 0236 	CALL SUBOPT_0x1
                 ; 0000 003E             if (BT1 == 0) {
000114 99b2      	SBIC 0x16,2
000115 c00c      	RJMP _0x13
                 ; 0000 003F                 while (BT1 == 0); // Doi BT1 nha ra
                 _0x14:
000116 9bb2      	SBIS 0x16,2
000117 cffe      	RJMP _0x14
                 ; 0000 0040                 state = 0; // Chuyen sang trang thai tam dung
000118 e0e0      	LDI  R30,LOW(0)
000119 93e0 0555 	STS  _state,R30
00011b 93e0 0556 	STS  _state+1,R30
                 ; 0000 0041                 display_mode("Tam dung");
                +
00011d e1a2     +LDI R26 , LOW ( _0xC + ( 18 ) )
00011e e0b5     +LDI R27 , HIGH ( _0xC + ( 18 ) )
                 	__POINTW2MN _0xC,18
00011f 940e 023a 	CALL SUBOPT_0x2
                 ; 0000 0042                 OCR1A = 0; // Dong co DC ngung quay
                 ; 0000 0043                 RC = 10;  // Dua servo ve vi tri 0 do
                 ; 0000 0044                 return; // Thoat khoi che do cho ca an
000121 c011      	RJMP _0x20C0003
                 ; 0000 0045             }
                 ; 0000 0046         }
                 _0x13:
                 ; 0000 0047 
                 ; 0000 0048         RC = 20;    // Servo xoay gc 180
                 _0x12:
000122 e1e4      	LDI  R30,LOW(20)
000123 e0f0      	LDI  R31,HIGH(20)
000124 940e 0247 	CALL SUBOPT_0x3
                 ; 0000 0049         delay_ms(1000);
                 ; 0000 004A         RC = 10;    // Servo quay ve gc 0
000126 e0ea      	LDI  R30,LOW(10)
000127 e0f0      	LDI  R31,HIGH(10)
000128 940e 0247 	CALL SUBOPT_0x3
                 ; 0000 004B         delay_ms(1000);
                 ; 0000 004C     }
                +
00012a 5f0f     +SUBI R16 , LOW ( - 1 )
00012b 4f1f     +SBCI R17 , HIGH ( - 1 )
                 	__ADDWRN 16,17,1
00012c cfdf      	RJMP _0x10
                 _0x11:
                 ; 0000 004D 
                 ; 0000 004E     display_mode("Dang hoat dong");
                +
00012d e1ab     +LDI R26 , LOW ( _0xC + ( 27 ) )
00012e e0b5     +LDI R27 , HIGH ( _0xC + ( 27 ) )
                 	__POINTW2MN _0xC,27
00012f 940e 022f 	CALL SUBOPT_0x0
                 ; 0000 004F     OCR1A = 128; // Quay lai trang thai hoat dong binh thuong
                 ; 0000 0050     state = 1;
000131 940e 024f 	CALL SUBOPT_0x4
                 ; 0000 0051 }
                 _0x20C0003:
000133 9109      	LD   R16,Y+
000134 9119      	LD   R17,Y+
000135 9508      	RET
                 ; .FEND
                 
                 	.DSEG
                 _0xC:
000500           	.BYTE 0x2A
                 ;
                 ;void main(void) {
                 ; 0000 0053 void main(void) {
                 
                 	.CSEG
                 _main:
                 ; .FSTART _main
                 ; 0000 0054     lcd_init(16);
000136 e1a0      	LDI  R26,LOW(16)
000137 d0c8      	RCALL _lcd_init
                 ; 0000 0055 
                 ; 0000 0056     DDRC.7 = 1; // Servo => dau ra
000138 9aa7      	SBI  0x14,7
                 ; 0000 0057     DDRB.2 = 0; // BT1,2 => dau vao => pull-up
000139 98ba      	CBI  0x17,2
                 ; 0000 0058     DDRB.3 = 0;
00013a 98bb      	CBI  0x17,3
                 ; 0000 0059     PORTB.2 = 1;
00013b 9ac2      	SBI  0x18,2
                 ; 0000 005A     PORTB.3 = 1;
00013c 9ac3      	SBI  0x18,3
                 ; 0000 005B 
                 ; 0000 005C     // Cau hinh dau ra
                 ; 0000 005D     DDRB |= (1 << PWM) | (1 << DIR); // PB5 (PWM) va  PB4 (DIR) la dau ra
00013d b3e7      	IN   R30,0x17
00013e 63e0      	ORI  R30,LOW(0x30)
00013f bbe7      	OUT  0x17,R30
                 ; 0000 005E     TCCR1A = (1 << WGM10) | (1 << COM1A1);  // Fast PWM 8-bit, non-inverted PWM
000140 e8e1      	LDI  R30,LOW(129)
000141 bdef      	OUT  0x2F,R30
                 ; 0000 005F     TCCR1B = (1 << WGM12) | (1 << CS11);    // Prescaler = 8
000142 e0ea      	LDI  R30,LOW(10)
000143 bdee      	OUT  0x2E,R30
                 ; 0000 0060     PORTB.4 = 0;
000144 98c4      	CBI  0x18,4
                 ; 0000 0061     OCR1A = 128; // Thiet lap toc do 50% (128/255)
000145 e8e0      	LDI  R30,LOW(128)
000146 e0f0      	LDI  R31,HIGH(128)
000147 bdfb      	OUT  0x2A+1,R31
000148 bdea      	OUT  0x2A,R30
                 ; 0000 0062 
                 ; 0000 0063     init_timer0(); //Khoi tao Timer0 cho servo
000149 dfa3      	RCALL _init_timer0
                 ; 0000 0064     RC = 10; // Vi tri 0 do
00014a e0ea      	LDI  R30,LOW(10)
00014b e0f0      	LDI  R31,HIGH(10)
00014c 93e0 0553 	STS  _RC,R30
00014e 93f0 0554 	STS  _RC+1,R31
                 ; 0000 0065 
                 ; 0000 0066     lcd_clear();
000150 d07d      	RCALL _lcd_clear
                 ; 0000 0067     display_mode("Dang hoat dong");
                +
000151 e2aa     +LDI R26 , LOW ( _0x23 + ( 0 ) )
000152 e0b5     +LDI R27 , HIGH ( _0x23 + ( 0 ) )
                 	__POINTW2MN _0x23,0
000153 dfa8      	RCALL _display_mode
                 ; 0000 0068 
                 ; 0000 0069     while (1) {
                 _0x24:
                 ; 0000 006A         if (BT1 == 0) {
000154 99b2      	SBIC 0x16,2
000155 c024      	RJMP _0x27
                 ; 0000 006B             delay_ms(50); // Debounce
000156 940e 0236 	CALL SUBOPT_0x1
                 ; 0000 006C             if (BT1 == 0) {
000158 99b2      	SBIC 0x16,2
000159 c020      	RJMP _0x28
                 ; 0000 006D                 while (BT1 == 0); // Doi BT1 nha ra
                 _0x29:
00015a 9bb2      	SBIS 0x16,2
00015b cffe      	RJMP _0x29
                 ; 0000 006E                 if (state == 1 || state == 2) { // Neu dang hoat dong hoac cho ca an
00015c 940e 0256 	CALL SUBOPT_0x5
00015e 9711      	SBIW R26,1
00015f f021      	BREQ _0x2D
000160 940e 0256 	CALL SUBOPT_0x5
000162 9712      	SBIW R26,2
000163 f451      	BRNE _0x2C
                 _0x2D:
                 ; 0000 006F                     state = 0; // Chuyen sang trang thai tam dung
000164 e0e0      	LDI  R30,LOW(0)
000165 93e0 0555 	STS  _state,R30
000167 93e0 0556 	STS  _state+1,R30
                 ; 0000 0070                     display_mode("Tam dung");
                +
000169 e3a9     +LDI R26 , LOW ( _0x23 + ( 15 ) )
00016a e0b5     +LDI R27 , HIGH ( _0x23 + ( 15 ) )
                 	__POINTW2MN _0x23,15
00016b 940e 023a 	CALL SUBOPT_0x2
                 ; 0000 0071                     OCR1A = 0; // Dong co DC ngung quay
                 ; 0000 0072                     RC = 10;  // Dua servo ve vi tri 0 do
                 ; 0000 0073                 } else if (state == 0) {
00016d c00c      	RJMP _0x2F
                 _0x2C:
00016e 91e0 0555 	LDS  R30,_state
000170 91f0 0556 	LDS  R31,_state+1
000172 9730      	SBIW R30,0
000173 f431      	BRNE _0x30
                 ; 0000 0074                     state = 1; // Chuyen sang trang thai hoat dong
000174 940e 024f 	CALL SUBOPT_0x4
                 ; 0000 0075                     display_mode("Dang hoat dong");
                +
000176 e4a2     +LDI R26 , LOW ( _0x23 + ( 24 ) )
000177 e0b5     +LDI R27 , HIGH ( _0x23 + ( 24 ) )
                 	__POINTW2MN _0x23,24
000178 940e 022f 	CALL SUBOPT_0x0
                 ; 0000 0076                     OCR1A = 128; // Dong co DC quay
                 ; 0000 0077                 }
                 ; 0000 0078             }
                 _0x30:
                 _0x2F:
                 ; 0000 0079         }
                 _0x28:
                 ; 0000 007A 
                 ; 0000 007B         if (BT2 == 0 && state == 1) { // Che do cho ca an chi dc thuc hien khi thiet bi dang hoat dong
                 _0x27:
00017a 99b3      	SBIC 0x16,3
00017b c004      	RJMP _0x32
00017c 940e 0256 	CALL SUBOPT_0x5
00017e 9711      	SBIW R26,1
00017f f009      	BREQ _0x33
                 _0x32:
000180 c00d      	RJMP _0x31
                 _0x33:
                 ; 0000 007C             delay_ms(50); // Debounce
000181 940e 0236 	CALL SUBOPT_0x1
                 ; 0000 007D             if (BT2 == 0) {
000183 99b3      	SBIC 0x16,3
000184 c009      	RJMP _0x34
                 ; 0000 007E                 while (BT2 == 0); // Doi BT2 nha ra
                 _0x35:
000185 9bb3      	SBIS 0x16,3
000186 cffe      	RJMP _0x35
                 ; 0000 007F                 state = 2; // Chuyen sang trang thai cho ca an
000187 e0e2      	LDI  R30,LOW(2)
000188 e0f0      	LDI  R31,HIGH(2)
000189 93e0 0555 	STS  _state,R30
00018b 93f0 0556 	STS  _state+1,R31
                 ; 0000 0080                 feed_fish_cycle();
00018d df75      	RCALL _feed_fish_cycle
                 ; 0000 0081             }
                 ; 0000 0082         }
                 _0x34:
                 ; 0000 0083     }
                 _0x31:
00018e cfc5      	RJMP _0x24
                 ; 0000 0084 }
                 _0x38:
00018f cfff      	RJMP _0x38
                 ; .FEND
                 
                 	.DSEG
                 _0x23:
00052a           	.BYTE 0x27
                 	#ifndef __SLEEP_DEFINED__
                 	#endif
                 
                 	.DSEG
                 
                 	.CSEG
                 __lcd_write_nibble_G100:
                 ; .FSTART __lcd_write_nibble_G100
000190 93aa      	ST   -Y,R26
000191 81e8      	LD   R30,Y
000192 71e0      	ANDI R30,LOW(0x10)
000193 f011      	BREQ _0x2000004
000194 9adb      	SBI  0x1B,3
000195 c001      	RJMP _0x2000005
                 _0x2000004:
000196 98db      	CBI  0x1B,3
                 _0x2000005:
000197 81e8      	LD   R30,Y
000198 72e0      	ANDI R30,LOW(0x20)
000199 f011      	BREQ _0x2000006
00019a 9adc      	SBI  0x1B,4
00019b c001      	RJMP _0x2000007
                 _0x2000006:
00019c 98dc      	CBI  0x1B,4
                 _0x2000007:
00019d 81e8      	LD   R30,Y
00019e 74e0      	ANDI R30,LOW(0x40)
00019f f011      	BREQ _0x2000008
0001a0 9add      	SBI  0x1B,5
0001a1 c001      	RJMP _0x2000009
                 _0x2000008:
0001a2 98dd      	CBI  0x1B,5
                 _0x2000009:
0001a3 81e8      	LD   R30,Y
0001a4 78e0      	ANDI R30,LOW(0x80)
0001a5 f011      	BREQ _0x200000A
0001a6 9ade      	SBI  0x1B,6
0001a7 c001      	RJMP _0x200000B
                 _0x200000A:
0001a8 98de      	CBI  0x1B,6
                 _0x200000B:
                +
0001a9 e08d     +LDI R24 , LOW ( 13 )
                +__DELAY_USB_LOOP :
0001aa 958a     +DEC R24
0001ab f7f1     +BRNE __DELAY_USB_LOOP
                 	__DELAY_USB 13
0001ac 9ada      	SBI  0x1B,2
                +
0001ad e08d     +LDI R24 , LOW ( 13 )
                +__DELAY_USB_LOOP :
0001ae 958a     +DEC R24
0001af f7f1     +BRNE __DELAY_USB_LOOP
                 	__DELAY_USB 13
0001b0 98da      	CBI  0x1B,2
                +
0001b1 e08d     +LDI R24 , LOW ( 13 )
                +__DELAY_USB_LOOP :
0001b2 958a     +DEC R24
0001b3 f7f1     +BRNE __DELAY_USB_LOOP
                 	__DELAY_USB 13
0001b4 c078      	RJMP _0x20C0001
                 ; .FEND
                 __lcd_write_data:
                 ; .FSTART __lcd_write_data
0001b5 93aa      	ST   -Y,R26
0001b6 81a8      	LD   R26,Y
0001b7 dfd8      	RCALL __lcd_write_nibble_G100
0001b8 81e8          ld    r30,y
0001b9 95e2          swap  r30
0001ba 83e8          st    y,r30
0001bb 81a8      	LD   R26,Y
0001bc dfd3      	RCALL __lcd_write_nibble_G100
                +
0001bd e885     +LDI R24 , LOW ( 133 )
                +__DELAY_USB_LOOP :
0001be 958a     +DEC R24
0001bf f7f1     +BRNE __DELAY_USB_LOOP
                 	__DELAY_USB 133
0001c0 c06c      	RJMP _0x20C0001
                 ; .FEND
                 _lcd_gotoxy:
                 ; .FSTART _lcd_gotoxy
0001c1 93aa      	ST   -Y,R26
0001c2 81e8      	LD   R30,Y
0001c3 e0f0      	LDI  R31,0
0001c4 5ae9      	SUBI R30,LOW(-__base_y_G100)
0001c5 4ffa      	SBCI R31,HIGH(-__base_y_G100)
0001c6 81e0      	LD   R30,Z
0001c7 81a9      	LDD  R26,Y+1
0001c8 0fae      	ADD  R26,R30
0001c9 dfeb      	RCALL __lcd_write_data
0001ca 8059      	LDD  R5,Y+1
0001cb 8048      	LDD  R4,Y+0
                 _0x20C0002:
0001cc 9622      	ADIW R28,2
0001cd 9508      	RET
                 ; .FEND
                 _lcd_clear:
                 ; .FSTART _lcd_clear
0001ce e0a2      	LDI  R26,LOW(2)
0001cf 940e 025b 	CALL SUBOPT_0x6
0001d1 e0ac      	LDI  R26,LOW(12)
0001d2 dfe2      	RCALL __lcd_write_data
0001d3 e0a1      	LDI  R26,LOW(1)
0001d4 940e 025b 	CALL SUBOPT_0x6
0001d6 e0e0      	LDI  R30,LOW(0)
0001d7 2e4e      	MOV  R4,R30
0001d8 2e5e      	MOV  R5,R30
0001d9 9508      	RET
                 ; .FEND
                 _lcd_putchar:
                 ; .FSTART _lcd_putchar
0001da 93aa      	ST   -Y,R26
0001db 81a8      	LD   R26,Y
0001dc 30aa      	CPI  R26,LOW(0xA)
0001dd f011      	BREQ _0x2000011
0001de 1457      	CP   R5,R7
0001df f048      	BRLO _0x2000010
                 _0x2000011:
0001e0 e0e0      	LDI  R30,LOW(0)
0001e1 93ea      	ST   -Y,R30
0001e2 9443      	INC  R4
0001e3 2da4      	MOV  R26,R4
0001e4 dfdc      	RCALL _lcd_gotoxy
0001e5 81a8      	LD   R26,Y
0001e6 30aa      	CPI  R26,LOW(0xA)
0001e7 f409      	BRNE _0x2000013
0001e8 c044      	RJMP _0x20C0001
                 _0x2000013:
                 _0x2000010:
0001e9 9453      	INC  R5
0001ea 9ad8      	SBI  0x1B,0
0001eb 81a8      	LD   R26,Y
0001ec dfc8      	RCALL __lcd_write_data
0001ed 98d8      	CBI  0x1B,0
0001ee c03e      	RJMP _0x20C0001
                 ; .FEND
                 _lcd_puts:
                 ; .FSTART _lcd_puts
0001ef 93ba      	ST   -Y,R27
0001f0 93aa      	ST   -Y,R26
0001f1 931a      	ST   -Y,R17
                 _0x2000014:
0001f2 81a9      	LDD  R26,Y+1
0001f3 81ba      	LDD  R27,Y+1+1
0001f4 91ed      	LD   R30,X+
0001f5 83a9      	STD  Y+1,R26
0001f6 83ba      	STD  Y+1+1,R27
0001f7 2f1e      	MOV  R17,R30
0001f8 30e0      	CPI  R30,0
0001f9 f019      	BREQ _0x2000016
0001fa 2fa1      	MOV  R26,R17
0001fb dfde      	RCALL _lcd_putchar
0001fc cff5      	RJMP _0x2000014
                 _0x2000016:
0001fd 8118      	LDD  R17,Y+0
0001fe 9623      	ADIW R28,3
0001ff 9508      	RET
                 ; .FEND
                 _lcd_init:
                 ; .FSTART _lcd_init
000200 93aa      	ST   -Y,R26
000201 9ad3      	SBI  0x1A,3
000202 9ad4      	SBI  0x1A,4
000203 9ad5      	SBI  0x1A,5
000204 9ad6      	SBI  0x1A,6
000205 9ad2      	SBI  0x1A,2
000206 9ad0      	SBI  0x1A,0
000207 9ad1      	SBI  0x1A,1
000208 98da      	CBI  0x1B,2
000209 98d8      	CBI  0x1B,0
00020a 98d9      	CBI  0x1B,1
00020b 8078      	LDD  R7,Y+0
00020c 81e8      	LD   R30,Y
00020d 58e0      	SUBI R30,-LOW(128)
                +
00020e 93e0 0559+STS __base_y_G100 + ( 2 ) , R30
                 	__PUTB1MN __base_y_G100,2
000210 81e8      	LD   R30,Y
000211 54e0      	SUBI R30,-LOW(192)
                +
000212 93e0 055a+STS __base_y_G100 + ( 3 ) , R30
                 	__PUTB1MN __base_y_G100,3
000214 e1a4      	LDI  R26,LOW(20)
000215 e0b0      	LDI  R27,0
000216 940e 0269 	CALL _delay_ms
000218 940e 0261 	CALL SUBOPT_0x7
00021a 940e 0261 	CALL SUBOPT_0x7
00021c 940e 0261 	CALL SUBOPT_0x7
00021e e2a0      	LDI  R26,LOW(32)
00021f df70      	RCALL __lcd_write_nibble_G100
                +
000220 ec88     +LDI R24 , LOW ( 200 )
000221 e090     +LDI R25 , HIGH ( 200 )
                +__DELAY_USW_LOOP :
000222 9701     +SBIW R24 , 1
000223 f7f1     +BRNE __DELAY_USW_LOOP
                 	__DELAY_USW 200
000224 e2a8      	LDI  R26,LOW(40)
000225 df8f      	RCALL __lcd_write_data
000226 e0a4      	LDI  R26,LOW(4)
000227 df8d      	RCALL __lcd_write_data
000228 e8a5      	LDI  R26,LOW(133)
000229 df8b      	RCALL __lcd_write_data
00022a e0a6      	LDI  R26,LOW(6)
00022b df89      	RCALL __lcd_write_data
00022c dfa1      	RCALL _lcd_clear
                 _0x20C0001:
00022d 9621      	ADIW R28,1
00022e 9508      	RET
                 ; .FEND
                 
                 	.CSEG
                 
                 	.DSEG
                 
                 	.CSEG
                 	#ifndef __SLEEP_DEFINED__
                 	#endif
                 
                 	.CSEG
                 
                 	.CSEG
                 
                 	.CSEG
                 
                 	.CSEG
                 
                 	.DSEG
                 _dem:
000551           	.BYTE 0x2
                 _RC:
000553           	.BYTE 0x2
                 _state:
000555           	.BYTE 0x2
                 __base_y_G100:
000557           	.BYTE 0x4
                 __seed_G101:
00055b           	.BYTE 0x4
                 
                 	.CSEG
                 ;OPTIMIZER ADDED SUBROUTINE, CALLED 3 TIMES, CODE SIZE REDUCTION:5 WORDS
                 SUBOPT_0x0:
00022f 940e 00fc 	CALL _display_mode
000231 e8e0      	LDI  R30,LOW(128)
000232 e0f0      	LDI  R31,HIGH(128)
000233 bdfb      	OUT  0x2A+1,R31
000234 bdea      	OUT  0x2A,R30
000235 9508      	RET
                 
                 ;OPTIMIZER ADDED SUBROUTINE, CALLED 3 TIMES, CODE SIZE REDUCTION:1 WORDS
                 SUBOPT_0x1:
000236 e3a2      	LDI  R26,LOW(50)
000237 e0b0      	LDI  R27,0
000238 940c 0269 	JMP  _delay_ms
                 
                 ;OPTIMIZER ADDED SUBROUTINE, CALLED 2 TIMES, CODE SIZE REDUCTION:7 WORDS
                 SUBOPT_0x2:
00023a 940e 00fc 	CALL _display_mode
00023c e0e0      	LDI  R30,LOW(0)
00023d e0f0      	LDI  R31,HIGH(0)
00023e bdfb      	OUT  0x2A+1,R31
00023f bdea      	OUT  0x2A,R30
000240 e0ea      	LDI  R30,LOW(10)
000241 e0f0      	LDI  R31,HIGH(10)
000242 93e0 0553 	STS  _RC,R30
000244 93f0 0554 	STS  _RC+1,R31
000246 9508      	RET
                 
                 ;OPTIMIZER ADDED SUBROUTINE, CALLED 2 TIMES, CODE SIZE REDUCTION:3 WORDS
                 SUBOPT_0x3:
000247 93e0 0553 	STS  _RC,R30
000249 93f0 0554 	STS  _RC+1,R31
00024b eea8      	LDI  R26,LOW(1000)
00024c e0b3      	LDI  R27,HIGH(1000)
00024d 940c 0269 	JMP  _delay_ms
                 
                 ;OPTIMIZER ADDED SUBROUTINE, CALLED 2 TIMES, CODE SIZE REDUCTION:1 WORDS
                 SUBOPT_0x4:
00024f e0e1      	LDI  R30,LOW(1)
000250 e0f0      	LDI  R31,HIGH(1)
000251 93e0 0555 	STS  _state,R30
000253 93f0 0556 	STS  _state+1,R31
000255 9508      	RET
                 
                 ;OPTIMIZER ADDED SUBROUTINE, CALLED 3 TIMES, CODE SIZE REDUCTION:1 WORDS
                 SUBOPT_0x5:
000256 91a0 0555 	LDS  R26,_state
000258 91b0 0556 	LDS  R27,_state+1
00025a 9508      	RET
                 
                 ;OPTIMIZER ADDED SUBROUTINE, CALLED 2 TIMES, CODE SIZE REDUCTION:1 WORDS
                 SUBOPT_0x6:
00025b 940e 01b5 	CALL __lcd_write_data
00025d e0a3      	LDI  R26,LOW(3)
00025e e0b0      	LDI  R27,0
00025f 940c 0269 	JMP  _delay_ms
                 
                 ;OPTIMIZER ADDED SUBROUTINE, CALLED 3 TIMES, CODE SIZE REDUCTION:7 WORDS
                 SUBOPT_0x7:
000261 e3a0      	LDI  R26,LOW(48)
000262 940e 0190 	CALL __lcd_write_nibble_G100
                +
000264 ec88     +LDI R24 , LOW ( 200 )
000265 e090     +LDI R25 , HIGH ( 200 )
                +__DELAY_USW_LOOP :
000266 9701     +SBIW R24 , 1
000267 f7f1     +BRNE __DELAY_USW_LOOP
                 	__DELAY_USW 200
000268 9508      	RET
                 
                 
                 	.CSEG
                 _delay_ms:
000269 9610      	adiw r26,0
00026a f039      	breq __delay_ms1
                 __delay_ms0:
                +
00026b ed80     +LDI R24 , LOW ( 0x7D0 )
00026c e097     +LDI R25 , HIGH ( 0x7D0 )
                +__DELAY_USW_LOOP :
00026d 9701     +SBIW R24 , 1
00026e f7f1     +BRNE __DELAY_USW_LOOP
                 	__DELAY_USW 0x7D0
00026f 95a8      	wdr
000270 9711      	sbiw r26,1
000271 f7c9      	brne __delay_ms0
                 __delay_ms1:
000272 9508      	ret
                 
                 ;END OF CODE MARKER
                 __END_OF_CODE:


RESOURCE USE INFORMATION
------------------------

Notice:
The register and instruction counts are symbol table hit counts,
and hence implicitly used resources are not counted, eg, the
'lpm' instruction without operands implicitly uses r0 and z,
none of which are counted.

x,y,z are separate entities in the symbol table and are
counted separately from r26..r31 here.

.dseg memory usage only counts static data declared with .byte

ATmega128 register use summary:
r0 :   4 r1 :   1 r2 :   0 r3 :   0 r4 :   4 r5 :   4 r6 :   0 r7 :   2 
r8 :   0 r9 :   0 r10:   0 r11:   0 r12:   0 r13:   0 r14:   0 r15:   0 
r16:   5 r17:   9 r18:   0 r19:   0 r20:   0 r21:   0 r22:   2 r23:   0 
r24:  22 r25:   5 r26:  57 r27:  26 r28:   4 r29:   1 r30: 107 r31:  29 
x  :   8 y  :  50 z  :   8 
Registers used: 19 out of 35 (54.3%)

ATmega128 instruction use summary:
.lds  :   0 .lds.l:   0 .sts  :   0 .sts.l:   0 adc   :   0 add   :   1 
adiw  :   5 and   :   0 andi  :   4 asr   :   0 bclr  :   0 bld   :   0 
brbc  :   0 brbs  :   0 brcc  :   0 brcs  :   0 break :   0 breq  :  10 
brge  :   2 brhc  :   0 brhs  :   0 brid  :   0 brie  :   0 brlo  :   1 
brlt  :   1 brmi  :   0 brne  :  14 brpl  :   0 brsh  :   0 brtc  :   0 
brts  :   0 brvc  :   0 brvs  :   0 bset  :   0 bst   :   0 call  :  25 
cbi   :  14 cbr   :   0 clc   :   0 clh   :   0 cli   :   1 cln   :   0 
clr   :   2 cls   :   0 clt   :   0 clv   :   0 clz   :   0 com   :   0 
cp    :   2 cpc   :   3 cpi   :   5 cpse  :   0 dec   :   5 des   :   0 
elpm  :   0 eor   :   0 fmul  :   0 fmuls :   0 fmulsu:   0 icall :   0 
ijmp  :   0 in    :   2 inc   :   2 jmp   :  39 ld    :  25 ldd   :   8 
ldi   :  92 lds   :  10 lpm   :   7 lsl   :   0 lsr   :   0 mov   :   5 
movw  :   3 mul   :   0 muls  :   0 mulsu :   0 neg   :   0 nop   :   0 
or    :   0 ori   :   1 out   :  22 pop   :   0 push  :   0 rcall :  20 
ret   :  12 reti  :   1 rjmp  :  27 rol   :   0 ror   :   0 sbc   :   0 
sbci  :   2 sbi   :  17 sbic  :   6 sbis  :   3 sbiw  :  11 sbr   :   0 
sbrc  :   0 sbrs  :   0 sec   :   0 seh   :   0 sei   :   1 sen   :   0 
ser   :   0 ses   :   0 set   :   0 sev   :   0 sez   :   0 sleep :   0 
spm   :   0 st    :  24 std   :   2 sts   :  20 sub   :   0 subi  :   4 
swap  :   1 tst   :   0 wdr   :   1 
Instructions used: 44 out of 117 (37.6%)

ATmega128 memory use summary [bytes]:
Segment   Begin    End      Code   Data   Used    Size   Use%
---------------------------------------------------------------
[.cseg] 0x000000 0x0004e6   1114    140   1254  131072   1.0%
[.dseg] 0x000100 0x00055f      0     95     95    4096   2.3%
[.eseg] 0x000000 0x000000      0      0      0    4096   0.0%

Assembly complete, 0 errors, 7 warnings
